0 info it worked if it ends with ok
1 verbose cli [ '/Users/flatironschool/.nvm/versions/node/v7.1.0/bin/node',
1 verbose cli   '/Users/flatironschool/.nvm/versions/node/v7.1.0/bin/npm',
1 verbose cli   'start' ]
2 info using npm@3.10.9
3 info using node@v7.1.0
4 verbose run-script [ 'prestart', 'start', 'poststart' ]
5 info lifecycle mern-chat@0.1.0~prestart: mern-chat@0.1.0
6 silly lifecycle mern-chat@0.1.0~prestart: no script for prestart, continuing
7 info lifecycle mern-chat@0.1.0~start: mern-chat@0.1.0
8 verbose lifecycle mern-chat@0.1.0~start: unsafe-perm in lifecycle true
9 verbose lifecycle mern-chat@0.1.0~start: PATH: /Users/flatironschool/.nvm/versions/node/v7.1.0/lib/node_modules/npm/bin/node-gyp-bin:/Users/flatironschool/Desktop/Dev/personal-projects/mern-chat/node_modules/.bin:/Users/flatironschool/.rvm/gems/ruby-2.3.1/bin:/Users/flatironschool/.rvm/gems/ruby-2.3.1@global/bin:/Users/flatironschool/.rvm/rubies/ruby-2.3.1/bin:/Users/flatironschool/.nvm/versions/node/v7.1.0/bin:/Applications/Postgres.app/Contents/Versions/latest/bin:/usr/local:/usr/local/bin:/usr/local/sbin:/usr/bin:/usr/local/bin:/usr/bin:/bin:/usr/sbin:/sbin:/Users/flatironschool/.rvm/bin
10 verbose lifecycle mern-chat@0.1.0~start: CWD: /Users/flatironschool/Desktop/Dev/personal-projects/mern-chat
11 silly lifecycle mern-chat@0.1.0~start: Args: [ '-c', 'node ./bin/www' ]
12 silly lifecycle mern-chat@0.1.0~start: Returned: code: 1  signal: null
13 info lifecycle mern-chat@0.1.0~start: Failed to exec start script
14 verbose stack Error: mern-chat@0.1.0 start: `node ./bin/www`
14 verbose stack Exit status 1
14 verbose stack     at EventEmitter.<anonymous> (/Users/flatironschool/.nvm/versions/node/v7.1.0/lib/node_modules/npm/lib/utils/lifecycle.js:255:16)
14 verbose stack     at emitTwo (events.js:106:13)
14 verbose stack     at EventEmitter.emit (events.js:191:7)
14 verbose stack     at ChildProcess.<anonymous> (/Users/flatironschool/.nvm/versions/node/v7.1.0/lib/node_modules/npm/lib/utils/spawn.js:40:14)
14 verbose stack     at emitTwo (events.js:106:13)
14 verbose stack     at ChildProcess.emit (events.js:191:7)
14 verbose stack     at maybeClose (internal/child_process.js:885:16)
14 verbose stack     at Process.ChildProcess._handle.onexit (internal/child_process.js:226:5)
15 verbose pkgid mern-chat@0.1.0
16 verbose cwd /Users/flatironschool/Desktop/Dev/personal-projects/mern-chat
17 error Darwin 16.7.0
18 error argv "/Users/flatironschool/.nvm/versions/node/v7.1.0/bin/node" "/Users/flatironschool/.nvm/versions/node/v7.1.0/bin/npm" "start"
19 error node v7.1.0
20 error npm  v3.10.9
21 error code ELIFECYCLE
22 error mern-chat@0.1.0 start: `node ./bin/www`
22 error Exit status 1
23 error Failed at the mern-chat@0.1.0 start script 'node ./bin/www'.
23 error Make sure you have the latest version of node.js and npm installed.
23 error If you do, this is most likely a problem with the mern-chat package,
23 error not with npm itself.
23 error Tell the author that this fails on your system:
23 error     node ./bin/www
23 error You can get information on how to open an issue for this project with:
23 error     npm bugs mern-chat
23 error Or if that isn't available, you can get their info via:
23 error     npm owner ls mern-chat
23 error There is likely additional logging output above.
24 verbose exit [ 1, true ]
